<?xml version="1.0" encoding="UTF-8"?>
<!-- Generated by org.testng.reporters.JUnitXMLReporter -->
<testsuite ignored="0" hostname="WELCOME-PC" failures="1" tests="11" name="CarLoan" time="0.147" errors="0" timestamp="2025-07-03T17:23:33 IST">
  <testcase classname="testNGsample.Day1" name="apiLoginCarLaon" time="0.007"/>
  <testcase classname="testNGsample.Day1" name="mobileLoginCarlaon" time="0.002"/>
  <testcase classname="testNGsample.Day1" name="webLoginCarLoan" time="0.0">
    <failure type="org.testng.TestNGException" message="
Parameter &amp;apos;URL&amp;apos; is required by @Test on method webLoginCarLoan but has not been marked @Optional or defined
in F:\sid_TestNg_03_07_2025\RCHBDM\testNGPractice\testng2.xml">
      <![CDATA[org.testng.TestNGException: 
Parameter 'URL' is required by @Test on method webLoginCarLoan but has not been marked @Optional or defined
in F:\sid_TestNg_03_07_2025\RCHBDM\testNGPractice\testng2.xml
at java.base/java.util.ArrayList.forEach(ArrayList.java:1511)
... Removed 26 stack frames]]>
    </failure>
  </testcase> <!-- webLoginCarLoan -->
  <testcase classname="testNGsample.Day2" name="apiLoginHomeLaon" time="0.002"/>
  <testcase classname="testNGsample.Day2" name="mobileLoginHomelaon" time="0.002"/>
  <testcase classname="testNGsample.Day2" name="webLoginHomeLoan" time="0.001"/>
  <testcase classname="testNGsample.Day3" name="apiLoginCardLaon" time="0.002"/>
  <testcase classname="testNGsample.Day3" name="webLoginCardLoan" time="0.002"/>
  <testcase classname="testNGsample.Day3" name="webLoginCardLoan" time="0.001"/>
  <testcase classname="testNGsample.Day3" name="webLoginCardLoan" time="0.001"/>
  <testcase classname="testNGsample.Day3" name="mobileLoginCardlaon" time="0.001"/>
</testsuite> <!-- CarLoan -->
